{
  "time": "2025-10-31 16:23:16",
  "ping_ms": "47.712",
  "model": "",
  "msg": "",
  "status": "FAIL"
}
{
  "time": "2025-10-31 16:31:33",
  "ping_ms": "38.197",
  "model": "null",
  "msg": "(empty)",
  "status": "FAIL"
}
{
  "time": "2025-10-31 16:48:07",
  "ping_ms": "47.602",
  "model": "null",
  "msg": "(empty)",
  "status": "FAIL"
}
{
  "time": "2025-10-31 16:49:11",
  "ping_ms": "52.188",
  "model": "null",
  "msg": "(empty)",
  "status": "FAIL"
}
{
  "time": "2025-10-31 16:50:23",
  "ping_ms": "51.120",
  "model": "null",
  "msg": "(empty)",
  "status": "FAIL"
}
{
  "time": "2025-10-31 16:52:05",
  "ping_ms": "54.852",
  "model": "null",
  "msg": "(empty)",
  "status": "FAIL"
}
{
  "time": "2025-10-31 16:53:58",
  "ping_ms": "48.068",
  "model": "null",
  "msg": "(empty)",
  "status": "FAIL"
}
{
  "time": "2025-10-31 17:14:31",
  "ping_ms": "52.358",
  "model": "null",
  "msg": "(empty)",
  "status": "FAIL"
}
{
  "time": "2025-10-31 17:15:03",
  "ping_ms": "51.394",
  "model": "null",
  "msg": "(empty)",
  "status": "FAIL"
}
{
  "time": "2025-10-31 17:16:53",
  "ping_ms": "47.728",
  "model": "null",
  "msg": "(empty)",
  "status": "FAIL"
}
{
  "time": "2025-10-31 17:18:40",
  "ping_ms": "52.519",
  "model": "null",
  "msg": "(empty)",
  "status": "FAIL"
}
{
  "time": "2025-10-31 17:19:00",
  "ping_ms": "52.056",
  "model": "null",
  "msg": "(empty)",
  "status": "FAIL"
}
{
  "time": "2025-10-31 17:21:46",
  "ping_ms": "50.817",
  "model": "null",
  "msg": "(empty)",
  "status": "FAIL"
}
