{"timestamp":"2025-10-08T03:49:49.300Z","level":"error","message":"Failed to load user baselines","meta":{"error":"Cannot read properties of undefined (reading 'findMany')"}}
{"timestamp":"2025-10-08T03:49:49.301Z","level":"info","message":"Real-time anomaly analysis started"}
{"timestamp":"2025-10-08T03:49:49.301Z","level":"info","message":"Batch anomaly analysis started","meta":{"interval":"15 minutes"}}
{"timestamp":"2025-10-08T03:49:49.301Z","level":"info","message":"ML Anomaly Detector initialized","meta":{"enabled":true,"sensitivity":0.7,"userBaselines":0}}
{"timestamp":"2025-10-08T03:49:49.360Z","level":"error","message":"Failed to load historical data","meta":{"error":"Cannot read properties of undefined (reading 'findMany')"}}
{"timestamp":"2025-10-08T03:49:49.360Z","level":"info","message":"AI Recommendation Engine initialized","meta":{"enabled":true,"maxRecommendations":5}}
{"timestamp":"2025-10-08T03:49:52.594Z","level":"error","message":"Failed to load historical data","meta":{"error":"Cannot read properties of undefined (reading 'findMany')"}}
{"timestamp":"2025-10-08T03:49:52.594Z","level":"info","message":"AI Recommendation Engine initialized","meta":{"enabled":true,"maxRecommendations":5}}
{"timestamp":"2025-10-08T03:55:29.419Z","level":"error","message":"Failed to load user baselines","meta":{"error":"Cannot read properties of undefined (reading 'findMany')"}}
{"timestamp":"2025-10-08T03:55:29.419Z","level":"info","message":"Real-time anomaly analysis started"}
{"timestamp":"2025-10-08T03:55:29.419Z","level":"info","message":"Batch anomaly analysis started","meta":{"interval":"15 minutes"}}
{"timestamp":"2025-10-08T03:55:29.420Z","level":"info","message":"ML Anomaly Detector initialized","meta":{"enabled":true,"sensitivity":0.7,"userBaselines":0}}
{"timestamp":"2025-10-08T03:55:29.463Z","level":"error","message":"Failed to load historical data","meta":{"error":"Cannot read properties of undefined (reading 'findMany')"}}
{"timestamp":"2025-10-08T03:55:29.463Z","level":"info","message":"AI Recommendation Engine initialized","meta":{"enabled":true,"maxRecommendations":5}}
{"timestamp":"2025-10-08T03:55:32.635Z","level":"error","message":"Failed to load historical data","meta":{"error":"Cannot read properties of undefined (reading 'findMany')"}}
{"timestamp":"2025-10-08T03:55:32.635Z","level":"info","message":"AI Recommendation Engine initialized","meta":{"enabled":true,"maxRecommendations":5}}
{"timestamp":"2025-10-09T15:13:34.257Z","level":"error","message":"Failed to load user baselines","meta":{"error":"Cannot read properties of undefined (reading 'findMany')"}}
{"timestamp":"2025-10-09T15:13:34.257Z","level":"info","message":"Real-time anomaly analysis started"}
{"timestamp":"2025-10-09T15:13:34.257Z","level":"info","message":"Batch anomaly analysis started","meta":{"interval":"15 minutes"}}
{"timestamp":"2025-10-09T15:13:34.257Z","level":"info","message":"ML Anomaly Detector initialized","meta":{"enabled":true,"sensitivity":0.7,"userBaselines":0}}
{"timestamp":"2025-10-09T15:13:34.329Z","level":"error","message":"Failed to load historical data","meta":{"error":"Cannot read properties of undefined (reading 'findMany')"}}
{"timestamp":"2025-10-09T15:13:34.329Z","level":"info","message":"AI Recommendation Engine initialized","meta":{"enabled":true,"maxRecommendations":5}}
{"timestamp":"2025-10-09T15:13:38.143Z","level":"error","message":"Failed to load historical data","meta":{"error":"Cannot read properties of undefined (reading 'findMany')"}}
{"timestamp":"2025-10-09T15:13:38.143Z","level":"info","message":"AI Recommendation Engine initialized","meta":{"enabled":true,"maxRecommendations":5}}
{"timestamp":"2025-10-09T15:13:38.150Z","level":"error","message":"Failed to load user baselines","meta":{"error":"Cannot read properties of undefined (reading 'findMany')"}}
{"timestamp":"2025-10-09T15:13:38.150Z","level":"info","message":"Real-time anomaly analysis started"}
{"timestamp":"2025-10-09T15:13:38.150Z","level":"info","message":"Batch anomaly analysis started","meta":{"interval":"15 minutes"}}
{"timestamp":"2025-10-09T15:13:38.151Z","level":"info","message":"ML Anomaly Detector initialized","meta":{"enabled":true,"sensitivity":0.7,"userBaselines":0}}
